<?xml version="1.0" encoding="UTF-8"?>
<!-- Generated by org.testng.reporters.JUnitXMLReporter -->
<testsuite ignored="0" hostname="DESKTOP-O68Q0PT" failures="0" tests="4" name="Default test" time="0.496" errors="0" timestamp="2024-02-18T23:42:01 PST">
  <testcase classname="testNG.Data_Provider" name="f" time="0.048"/>
  <testcase classname="testNG.Data_Provider" name="f" time="0.016"/>
  <testcase classname="testNG.Data_Provider" name="f" time="0.014"/>
  <testcase classname="testNG.Data_Provider" name="f" time="0.013"/>
</testsuite> <!-- Default test -->
