<?xml version="1.0" encoding="UTF-8"?>
<testng-results ignored="0" total="1" passed="1" failed="0" skipped="0">
  <reporter-output>
  </reporter-output>
  <suite started-at="2024-02-18T23:52:14 PST" name="Suite" finished-at="2024-02-18T23:52:15 PST" duration-ms="353">
    <groups>
    </groups>
    <test started-at="2024-02-18T23:52:14 PST" name="Test" finished-at="2024-02-18T23:52:15 PST" duration-ms="353">
      <class name="testNG.ParameterizedTest">
        <test-method signature="f(java.lang.String,java.lang.String)[pri:0, instance:testNG.ParameterizedTest@54422e18]" started-at="2024-02-18T23:52:15 PST" name="f" finished-at="2024-02-18T23:52:15 PST" duration-ms="60" status="PASS">
          <params>
            <param index="0">
              <value>
                <![CDATA[manikutty]]>
              </value>
            </param>
            <param index="1">
              <value>
                <![CDATA[28]]>
              </value>
            </param>
          </params>
          <reporter-output>
          </reporter-output>
        </test-method> <!-- f -->
      </class> <!-- testNG.ParameterizedTest -->
    </test> <!-- Test -->
  </suite> <!-- Suite -->
</testng-results>
